-------------------------------
ISW: start session
Today: Fri Nov 08 22:20:05 2024
-------------------------------
ССететевой деевой демон запущен... мон запущен... 

Ожидаем соединения по TCP... 
Ожидаем соединения по UDP... 
--------------------
ParamType: 0 ParamName: DistributionsList
ParamType: 0 ParamName: SampleToTestIndex
ParamType: 0 ParamName: StatisticOptions
ParamType: 0 ParamName: SamplesList
 Моделирование запущено Fri Nov 08 22:21:25 2024
 Счет завершен Fri Nov 08 22:22:33 2024
 Моделирование завершено Fri Nov 08 22:22:33 2024
Запись выборки в текстовом формате в файл Критерий Колмогорова N=16600 G(SlH0) H0 ДЭ (0.5000,1.0000,0.0000) F         0 SC SH  n=100  OMP  ГСЧ=100.dat
Асимптотически оптимальное группирование
Асимптотически оптимальное группирование
--------------------
ParamType: 0 ParamName: DistributionsList
ParamType: 0 ParamName: SampleToTestIndex
ParamType: 0 ParamName: StatisticOptions
ParamType: 0 ParamName: SamplesList
 Моделирование запущено Fri Nov 08 22:27:35 2024
 Счет завершен Fri Nov 08 22:29:07 2024
 Моделирование завершено Fri Nov 08 22:29:08 2024
Запись выборки в текстовом формате в файл Критерий Колмогорова N=16600 G(SlH0) H0 ДЭ (1.0000,1.0000,0.0000) F         0 SC SH  n=100  OMP  ГСЧ=100.dat
Асимптотически оптимальное группирование
--------------------
ParamType: 0 ParamName: DistributionsList
ParamType: 0 ParamName: SampleToTestIndex
ParamType: 0 ParamName: StatisticOptions
ParamType: 0 ParamName: SamplesList
 Моделирование запущено Fri Nov 08 22:31:14 2024
 Счет завершен Fri Nov 08 22:32:31 2024
 Моделирование завершено Fri Nov 08 22:32:31 2024
Запись выборки в текстовом формате в файл Критерий Колмогорова N=16600 G(SlH0) H0 ДЭ (1.6000,1.0000,0.0000) F         0 SC SH  n=100  OMP  ГСЧ=100.dat
--------------------
ParamType: 0 ParamName: DistributionsList
ParamType: 0 ParamName: SampleToTestIndex
ParamType: 0 ParamName: StatisticOptions
ParamType: 0 ParamName: SamplesList
 Моделирование запущено Fri Nov 08 22:33:02 2024
 Счет завершен Fri Nov 08 22:34:14 2024
 Моделирование завершено Fri Nov 08 22:34:14 2024
Запись выборки в текстовом формате в файл Критерий Колмогорова N=16600 G(SlH0) H0 ДЭ (2.0000,1.0000,0.0000) F         0 SC SH  n=100  OMP  ГСЧ=100.dat
--------------------
ParamType: 0 ParamName: DistributionsList
ParamType: 0 ParamName: SampleToTestIndex
ParamType: 0 ParamName: StatisticOptions
ParamType: 0 ParamName: SamplesList
 Моделирование запущено Fri Nov 08 22:35:03 2024
 Счет завершен Fri Nov 08 22:36:58 2024
 Моделирование завершено Fri Nov 08 22:36:58 2024
Запись выборки в текстовом формате в файл Критерий Колмогорова N=16600 G(SlH0) H0 ДЭ (4.0000,1.0000,0.0000) F         0 SC SH  n=100  OMP  ГСЧ=100.dat
--------------------
ParamType: 0 ParamName: DistributionsList
ParamType: 0 ParamName: SampleToTestIndex
ParamType: 0 ParamName: StatisticOptions
ParamType: 0 ParamName: SamplesList
 Моделирование запущено Fri Nov 08 22:37:38 2024
 Счет завершен Fri Nov 08 22:40:39 2024
 Моделирование завершено Fri Nov 08 22:40:39 2024
Запись выборки в текстовом формате в файл Критерий Колмогорова N=16600 G(SlH0) H0 ДЭ (7.0000,1.0000,0.0000) F         0 SC SH  n=100  OMP  ГСЧ=100.dat
--------------------
ParamType: 0 ParamName: DistributionsList
ParamType: 0 ParamName: SampleToTestIndex
ParamType: 0 ParamName: StatisticOptions
ParamType: 0 ParamName: SamplesList
--------------------
ParamType: 0 ParamName: DistributionsList
ParamType: 0 ParamName: SampleToTestIndex
ParamType: 0 ParamName: StatisticOptions
ParamType: 0 ParamName: SamplesList
 Моделирование запущено Fri Nov 08 22:57:15 2024
 Счет завершен Fri Nov 08 22:59:27 2024
 Моделирование завершено Fri Nov 08 22:59:27 2024
Запись выборки в текстовом формате в файл Критерий Андерсона–Дарлинга N=16600 G(SlH0) H0 ДЭ (0.5000,1.0000,0.0000) F         0 SC SH  n=100  OMP  ГСЧ=100.dat
Запись выборки в текстовом формате в файл Критерий Крамера–Мизеса–Смирнова N=16600 G(SlH0) H0 ДЭ (0.5000,1.0000,0.0000) F         0 SC SH  n=100  OMP  ГСЧ=100.dat
--------------------
ParamType: 0 ParamName: DistributionsList
ParamType: 0 ParamName: SampleToTestIndex
ParamType: 0 ParamName: StatisticOptions
ParamType: 0 ParamName: SamplesList
--------------------
ParamType: 0 ParamName: DistributionsList
ParamType: 0 ParamName: SampleToTestIndex
ParamType: 0 ParamName: StatisticOptions
ParamType: 0 ParamName: SamplesList
--------------------
ParamType: 0 ParamName: DistributionsList
ParamType: 0 ParamName: SampleToTestIndex
ParamType: 0 ParamName: StatisticOptions
ParamType: 0 ParamName: SamplesList
 Моделирование запущено Fri Nov 08 23:00:24 2024
 Счет завершен Fri Nov 08 23:03:38 2024
 Моделирование завершено Fri Nov 08 23:03:38 2024
Запись выборки в текстовом формате в файл Критерий Андерсона–Дарлинга N=16600 G(SlH0) H0 ДЭ (1.0000,1.0000,0.0000) F         0 SC SH  n=100  OMP  ГСЧ=100.dat
Запись выборки в текстовом формате в файл Критерий Крамера–Мизеса–Смирнова N=16600 G(SlH0) H0 ДЭ (1.0000,1.0000,0.0000) F         0 SC SH  n=100  OMP  ГСЧ=100.dat
--------------------
ParamType: 0 ParamName: DistributionsList
ParamType: 0 ParamName: SampleToTestIndex
ParamType: 0 ParamName: StatisticOptions
ParamType: 0 ParamName: SamplesList
--------------------
ParamType: 0 ParamName: DistributionsList
ParamType: 0 ParamName: SampleToTestIndex
ParamType: 0 ParamName: StatisticOptions
ParamType: 0 ParamName: SamplesList
 Моделирование запущено Fri Nov 08 23:04:21 2024
 Счет завершен Fri Nov 08 23:07:00 2024
 Моделирование завершено Fri Nov 08 23:07:00 2024
Запись выборки в текстовом формате в файл Критерий Андерсона–Дарлинга N=16600 G(SlH0) H0 ДЭ (1.6000,1.0000,0.0000) F         0 SC SH  n=100  OMP  ГСЧ=100.dat
Запись выборки в текстовом формате в файл Критерий Крамера–Мизеса–Смирнова N=16600 G(SlH0) H0 ДЭ (1.6000,1.0000,0.0000) F         0 SC SH  n=100  OMP  ГСЧ=100.dat
--------------------
ParamType: 0 ParamName: DistributionsList
ParamType: 0 ParamName: SampleToTestIndex
ParamType: 0 ParamName: StatisticOptions
ParamType: 0 ParamName: SamplesList
--------------------
ParamType: 0 ParamName: DistributionsList
ParamType: 0 ParamName: SampleToTestIndex
ParamType: 0 ParamName: StatisticOptions
ParamType: 0 ParamName: SamplesList
 Моделирование запущено Fri Nov 08 23:07:41 2024
 Счет завершен Fri Nov 08 23:10:09 2024
 Моделирование завершено Fri Nov 08 23:10:09 2024
Запись выборки в текстовом формате в файл Критерий Андерсона–Дарлинга N=16600 G(SlH0) H0 ДЭ (2.0000,1.0000,0.0000) F         0 SC SH  n=100  OMP  ГСЧ=100.dat
Запись выборки в текстовом формате в файл Критерий Крамера–Мизеса–Смирнова N=16600 G(SlH0) H0 ДЭ (2.0000,1.0000,0.0000) F         0 SC SH  n=100  OMP  ГСЧ=100.dat
--------------------
ParamType: 0 ParamName: DistributionsList
ParamType: 0 ParamName: SampleToTestIndex
ParamType: 0 ParamName: StatisticOptions
ParamType: 0 ParamName: SamplesList
--------------------
ParamType: 0 ParamName: DistributionsList
ParamType: 0 ParamName: SampleToTestIndex
ParamType: 0 ParamName: StatisticOptions
ParamType: 0 ParamName: SamplesList
--------------------
ParamType: 0 ParamName: DistributionsList
ParamType: 0 ParamName: SampleToTestIndex
ParamType: 0 ParamName: StatisticOptions
ParamType: 0 ParamName: SamplesList
 Моделирование запущено Fri Nov 08 23:10:45 2024
 Счет завершен Fri Nov 08 23:14:39 2024
 Моделирование завершено Fri Nov 08 23:14:39 2024
Запись выборки в текстовом формате в файл Критерий Андерсона–Дарлинга N=16600 G(SlH0) H0 ДЭ (4.0000,1.0000,0.0000) F         0 SC SH  n=100  OMP  ГСЧ=100.dat
Запись выборки в текстовом формате в файл Критерий Крамера–Мизеса–Смирнова N=16600 G(SlH0) H0 ДЭ (4.0000,1.0000,0.0000) F         0 SC SH  n=100  OMP  ГСЧ=100.dat
--------------------
ParamType: 0 ParamName: DistributionsList
ParamType: 0 ParamName: SampleToTestIndex
ParamType: 0 ParamName: StatisticOptions
ParamType: 0 ParamName: SamplesList
--------------------
ParamType: 0 ParamName: DistributionsList
ParamType: 0 ParamName: SampleToTestIndex
ParamType: 0 ParamName: StatisticOptions
ParamType: 0 ParamName: SamplesList
 Моделирование запущено Fri Nov 08 23:15:13 2024
 Счет завершен Fri Nov 08 23:40:52 2024
 Моделирование завершено Fri Nov 08 23:40:53 2024
Запись выборки в текстовом формате в файл Критерий Андерсона–Дарлинга N=16600 G(SlH0) H0 ДЭ (7.0000,1.0000,0.0000) F         0 SC SH  n=100  OMP  ГСЧ=100.dat
Запись выборки в текстовом формате в файл Критерий Крамера–Мизеса–Смирнова N=16600 G(SlH0) H0 ДЭ (7.0000,1.0000,0.0000) F         0 SC SH  n=100  OMP  ГСЧ=100.dat
-------------------------------
ISW: start session
Today: Sat Nov 09 09:34:51 2024
-------------------------------
Сетевой демон запущен... 
Сетевой демон запущен... 
Ожидаем соединения по TCP... 
Ожидаем соединения по UDP... 
-------------------------------
ISW: start session
Today: Sat Nov 09 11:15:15 2024
-------------------------------
Сетевой демон запущенСетево... й демон запущен... 

Ожидаем соединения по TCP... 
Ожидаем соединения по UDP... 
--------------------
ParamType: 0 ParamName: DistributionsList
ParamType: 0 ParamName: SampleToTestIndex
ParamType: 0 ParamName: StatisticOptions
ParamType: 0 ParamName: SamplesList
--------------------
ParamType: 0 ParamName: DistributionsList
ParamType: 0 ParamName: SampleToTestIndex
ParamType: 0 ParamName: StatisticOptions
ParamType: 0 ParamName: SamplesList
 Моделирование запущено Sat Nov 09 11:42:29 2024
 Счет завершен Sat Nov 09 11:45:14 2024
 Моделирование завершено Sat Nov 09 11:45:14 2024
Запись выборки в текстовом формате в файл Критерий Колмогорова N=16600 G(SlH0) H0 N(0.0000,1.0000) SC SH  n=100   ГСЧ=100.dat
--------------------
ParamType: 0 ParamName: DistributionsList
ParamType: 0 ParamName: SampleToTestIndex
ParamType: 0 ParamName: StatisticOptions
ParamType: 0 ParamName: SamplesList
--------------------
ParamType: 0 ParamName: DistributionsList
ParamType: 0 ParamName: SampleToTestIndex
ParamType: 0 ParamName: StatisticOptions
ParamType: 0 ParamName: SamplesList
 Моделирование запущено Sat Nov 09 11:47:33 2024
 Счет завершен Sat Nov 09 11:49:48 2024
 Моделирование завершено Sat Nov 09 11:49:48 2024
Запись выборки в текстовом формате в файл Критерий Крамера–Мизеса–Смирнова N=16600 G(SlH0) H0 N(0.0000,1.0000) SC SH  n=100   ГСЧ=100.dat
--------------------
ParamType: 0 ParamName: DistributionsList
ParamType: 0 ParamName: SampleToTestIndex
ParamType: 0 ParamName: StatisticOptions
ParamType: 0 ParamName: SamplesList
 Моделирование запущено Sat Nov 09 11:50:14 2024
 Счет завершен Sat Nov 09 11:52:11 2024
 Моделирование завершено Sat Nov 09 11:52:11 2024
Запись выборки в текстовом формате в файл Критерий Андерсона–Дарлинга N=16600 G(SlH0) H0 N(0.0000,1.0000) SC SH  n=100   ГСЧ=100.dat
--------------------
ParamType: 0 ParamName: DistributionsList
ParamType: 0 ParamName: SampleToTestIndex
ParamType: 0 ParamName: StatisticOptions
ParamType: 0 ParamName: SamplesList
--------------------
ParamType: 0 ParamName: DistributionsList
ParamType: 0 ParamName: SampleToTestIndex
ParamType: 0 ParamName: StatisticOptions
ParamType: 0 ParamName: SamplesList
--------------------
ParamType: 0 ParamName: DistributionsList
ParamType: 0 ParamName: SampleToTestIndex
ParamType: 0 ParamName: StatisticOptions
ParamType: 0 ParamName: SamplesList
 Моделирование запущено Sat Nov 09 11:54:06 2024
 Счет завершен Sat Nov 09 11:54:44 2024
 Моделирование завершено Sat Nov 09 11:54:44 2024
Запись выборки в текстовом формате в файл Критерий Колмогорова N=16600 G(SlH0) H0 N(0.0000,1.0000) SC SH  n=100  OMP  ГСЧ=100.dat
Запись выборки в текстовом формате в файл Критерий Андерсона–Дарлинга N=16600 G(SlH0) H0 N(0.0000,1.0000) SC SH  n=100  OMP  ГСЧ=100.dat
Запись выборки в текстовом формате в файл Критерий Крамера–Мизеса–Смирнова N=16600 G(SlH0) H0 N(0.0000,1.0000) SC SH  n=100  OMP  ГСЧ=100.dat
--------------------
ParamType: 0 ParamName: DistributionsList
ParamType: 0 ParamName: SampleToTestIndex
ParamType: 0 ParamName: StatisticOptions
ParamType: 0 ParamName: SamplesList
--------------------
ParamType: 0 ParamName: DistributionsList
ParamType: 0 ParamName: SampleToTestIndex
ParamType: 0 ParamName: StatisticOptions
ParamType: 0 ParamName: SamplesList
--------------------
ParamType: 0 ParamName: DistributionsList
ParamType: 0 ParamName: SampleToTestIndex
ParamType: 0 ParamName: StatisticOptions
ParamType: 0 ParamName: SamplesList
--------------------
ParamType: 0 ParamName: DistributionsList
ParamType: 0 ParamName: SampleToTestIndex
ParamType: 0 ParamName: StatisticOptions
ParamType: 0 ParamName: SamplesList
--------------------
ParamType: 0 ParamName: DistributionsList
ParamType: 0 ParamName: SampleToTestIndex
ParamType: 0 ParamName: StatisticOptions
ParamType: 0 ParamName: SamplesList
 Моделирование запущено Sat Nov 09 11:55:30 2024
 Счет завершен Sat Nov 09 11:57:16 2024
 Моделирование завершено Sat Nov 09 11:57:16 2024
Запись выборки в текстовом формате в файл Критерий Колмогорова N=16600 G(SlH0) H0 Лог(0.0000,1.0000) SC SH  n=100  OMP  ГСЧ=100.dat
Запись выборки в текстовом формате в файл Критерий Андерсона–Дарлинга N=16600 G(SlH0) H0 Лог(0.0000,1.0000) SC SH  n=100  OMP  ГСЧ=100.dat
Запись выборки в текстовом формате в файл Критерий Крамера–Мизеса–Смирнова N=16600 G(SlH0) H0 Лог(0.0000,1.0000) SC SH  n=100  OMP  ГСЧ=100.dat
--------------------
ParamType: 0 ParamName: DistributionsList
ParamType: 0 ParamName: SampleToTestIndex
ParamType: 0 ParamName: StatisticOptions
ParamType: 0 ParamName: SamplesList
--------------------
ParamType: 0 ParamName: DistributionsList
ParamType: 0 ParamName: SampleToTestIndex
ParamType: 0 ParamName: StatisticOptions
ParamType: 0 ParamName: SamplesList
--------------------
ParamType: 0 ParamName: DistributionsList
ParamType: 0 ParamName: SampleToTestIndex
ParamType: 0 ParamName: StatisticOptions
ParamType: 0 ParamName: SamplesList
 Моделирование запущено Sat Nov 09 11:58:34 2024
 Счет завершен Sat Nov 09 11:59:17 2024
 Моделирование завершено Sat Nov 09 11:59:17 2024
Запись выборки в текстовом формате в файл Критерий Колмогорова N=16600 G(SlH0) H0 Коши(0.0000,1.0000) SC SH  n=100  OMP  ГСЧ=100.dat
Запись выборки в текстовом формате в файл Критерий Андерсона–Дарлинга N=16600 G(SlH0) H0 Коши(0.0000,1.0000) SC SH  n=100  OMP  ГСЧ=100.dat
Запись выборки в текстовом формате в файл Критерий Крамера–Мизеса–Смирнова N=16600 G(SlH0) H0 Коши(0.0000,1.0000) SC SH  n=100  OMP  ГСЧ=100.dat
-------------------------------
ISW: start session
Today: Tue Nov 12 15:08:31 2024
-------------------------------
Сетевой демон запущен... Сетевой демон запущен... 

Ожидаем соединения по UDP... 
Ожидаем соединения по TCP... 
 Моделирование запущено Tue Nov 12 15:18:27 2024
 Счет завершен Tue Nov 12 15:18:29 2024
 Моделирование завершено Tue Nov 12 15:18:30 2024
 Моделирование запущено Tue Nov 12 15:21:31 2024
 Счет завершен Tue Nov 12 15:21:35 2024
 Моделирование завершено Tue Nov 12 15:21:35 2024
 Моделирование запущено Tue Nov 12 15:28:17 2024
 Счет завершен Tue Nov 12 15:28:24 2024
 Моделирование завершено Tue Nov 12 15:28:24 2024
 Моделирование запущено Tue Nov 12 15:32:20 2024
 Счет завершен Tue Nov 12 15:32:30 2024
 Моделирование завершено Tue Nov 12 15:32:30 2024
 Моделирование запущено Tue Nov 12 15:39:08 2024
 Счет завершен Tue Nov 12 15:39:21 2024
 Моделирование завершено Tue Nov 12 15:39:21 2024
 Моделирование запущено Tue Nov 12 15:40:04 2024
 Счет завершен Tue Nov 12 15:40:07 2024
 Моделирование завершено Tue Nov 12 15:40:07 2024
 Моделирование запущено Tue Nov 12 15:40:14 2024
 Счет завершен Tue Nov 12 15:40:16 2024
 Моделирование завершено Tue Nov 12 15:40:16 2024
Запись выборки в текстовом формате в файл 100 N(0.0000,1.0000).dat
Запись выборки в текстовом формате в файл 200 N(0.0000,1.0000).dat
Запись выборки в текстовом формате в файл 300 N(0.0000,1.0000).dat
Запись выборки в текстовом формате в файл 400 N(0.0000,1.0000).dat
Запись выборки в текстовом формате в файл 500 N(0.0000,1.0000).dat
Запись выборки в текстовом формате в файл 100 N(0.3000,1.0000).dat
Запись выборки в текстовом формате в файл 200 N(0.3000,1.0000).dat
Запись выборки в текстовом формате в файл 300 N(0.3000,1.0000).dat
Запись выборки в текстовом формате в файл 400 N(0.3000,1.0000).dat
Запись выборки в текстовом формате в файл 500 N(0.3000,1.0000).dat
-------------------------------
ISW: start session
Today: Tue Nov 12 15:49:53 2024
-------------------------------
Сетевой демон запущен... 
Сетевой демон запущен... 
Ожидаем соединения по UDP... 
Ожидаем соединения по TCP... 
